[debug] [2023-02-09T18:41:56.647Z] ----------------------------------------------------------------------
[debug] [2023-02-09T18:41:56.649Z] Command:       C:\Program Files\nodejs\node.exe C:\Users\amrit\AppData\Roaming\npm\node_modules\firebase-tools\lib\bin\firebase.js init
[debug] [2023-02-09T18:41:56.649Z] CLI Version:   11.22.0
[debug] [2023-02-09T18:41:56.649Z] Platform:      win32
[debug] [2023-02-09T18:41:56.649Z] Node Version:  v16.18.0
[debug] [2023-02-09T18:41:56.658Z] Time:          Fri Feb 10 2023 00:11:56 GMT+0530 (India Standard Time)
[debug] [2023-02-09T18:41:56.658Z] ----------------------------------------------------------------------
[debug] 
[debug] [2023-02-09T18:41:56.726Z] > command requires scopes: ["email","openid","https://www.googleapis.com/auth/cloudplatformprojects.readonly","https://www.googleapis.com/auth/firebase","https://www.googleapis.com/auth/cloud-platform"]
[debug] [2023-02-09T18:41:56.727Z] > authorizing via signed-in user (amritsinghy53@gmail.com)
[info] 
     ######## #### ########  ######## ########     ###     ######  ########
     ##        ##  ##     ## ##       ##     ##  ##   ##  ##       ##
     ######    ##  ########  ######   ########  #########  ######  ######
     ##        ##  ##    ##  ##       ##     ## ##     ##       ## ##
     ##       #### ##     ## ######## ########  ##     ##  ######  ########

You're about to initialize a Firebase project in this directory:

  D:\React projects\Chat app with react and firebase

Before we get started, keep in mind:

  * You are initializing within an existing Firebase project directory

